<?xml version="1.0" encoding="UTF-8"?>
<!-- Generated by org.testng.reporters.JUnitReportReporter -->
<testsuite hostname="innoraft-Lenovo-G50-70" name="form" tests="1" failures="0" timestamp="6 Jun 2017 06:04:36 GMT" time="42.735" errors="0">
  <testcase name="test" time="42.735" classname="form"/>
</testsuite> <!-- form -->
