<?xml version="1.0" encoding="UTF-8"?>
<!-- Generated by org.testng.reporters.JUnitReportReporter -->
<testsuite hostname="innoraft-Lenovo-G50-70" name="contact_us" tests="3" failures="0" timestamp="7 Jun 2017 16:02:44 GMT" time="70.355" errors="0">
  <testcase name="test_page7" time="35.693" classname="contact_us"/>
  <testcase name="test_page2" time="10.724" classname="contact_us"/>
  <testcase name="test_page8" time="23.938" classname="contact_us"/>
</testsuite> <!-- contact_us -->
