<?xml version="1.0" encoding="UTF-8"?>
<!-- Generated by org.testng.reporters.JUnitReportReporter -->
<testsuite hostname="innoraft-Lenovo-G50-70" name="contact_us" tests="1" failures="0" timestamp="6 Jun 2017 08:15:36 GMT" time="69.835" errors="0">
  <testcase name="test" time="69.835" classname="contact_us"/>
</testsuite> <!-- contact_us -->
